d:\deliverables\nausicaa_api\nausicaa_api\x64\debug\vc143.pdb
d:\deliverables\nausicaa_api\nausicaa_api\x64\debug\.netframework,version=4.6.1.assemblyattributes.obj
d:\deliverables\nausicaa_api\nausicaa_api\x64\debug\nausicaa_api.obj
d:\nausicaa_development\nausicaa_api\nausicaa_vr_api\nausicaa_api\x64\debug\vc143.pdb
d:\nausicaa_development\nausicaa_api\nausicaa_vr_api\nausicaa_api\x64\debug\.netframework,version=4.6.1.assemblyattributes.obj
d:\nausicaa_development\nausicaa_api\nausicaa_vr_api\nausicaa_api\x64\debug\nausicaa_api.obj
d:\nausicaa_development\nausicaa_api\nausicaa_vr_api\nausicaa_api\x64\debug\serialize.obj
d:\nausicaa_development\nausicaa_api\nausicaa_vr_api\nausicaa_api\x64\debug\client.obj
d:\deliverables\nausicaa_api\x64\debug\nausicaa_api.dll
d:\deliverables\nausicaa_api\x64\debug\nausicaa_api.pdb
d:\nausicaa_development\nausicaa_api\nausicaa_vr_api\x64\debug\nausicaa_api.dll
d:\nausicaa_development\nausicaa_api\nausicaa_vr_api\x64\debug\nausicaa_api.pdb
d:\deliverables\nausicaa_api\x64\debug\nausicaa_api.lib
d:\deliverables\nausicaa_api\x64\debug\nausicaa_api.exp
d:\nausicaa_development\nausicaa_api\nausicaa_vr_api\x64\debug\nausicaa_api.lib
d:\nausicaa_development\nausicaa_api\nausicaa_vr_api\x64\debug\nausicaa_api.exp
d:\nausicaa_development\nausicaa_api\nausicaa_vr_api\nausicaa_api\x64\debug\nausicaa_api.vcxprojresolveassemblyreference.cache
d:\nausicaa_development\nausicaa_api\nausicaa_vr_api\nausicaa_api\x64\debug\nausicaa_api.tlog\cl.command.1.tlog
d:\nausicaa_development\nausicaa_api\nausicaa_vr_api\nausicaa_api\x64\debug\nausicaa_api.tlog\cl.read.1.tlog
d:\nausicaa_development\nausicaa_api\nausicaa_vr_api\nausicaa_api\x64\debug\nausicaa_api.tlog\cl.write.1.tlog
d:\nausicaa_development\nausicaa_api\nausicaa_vr_api\nausicaa_api\x64\debug\nausicaa_api.tlog\link.command.1.tlog
d:\nausicaa_development\nausicaa_api\nausicaa_vr_api\nausicaa_api\x64\debug\nausicaa_api.tlog\link.read.1.tlog
d:\nausicaa_development\nausicaa_api\nausicaa_vr_api\nausicaa_api\x64\debug\nausicaa_api.tlog\link.write.1.tlog
d:\nausicaa_development\nausicaa_api\nausicaa_vr_api\nausicaa_api\x64\debug\nausicaa_api.tlog\metagen.read.1.tlog
d:\nausicaa_development\nausicaa_api\nausicaa_vr_api\nausicaa_api\x64\debug\nausicaa_api.tlog\metagen.write.1.tlog
d:\nausicaa_development\nausicaa_api\nausicaa_vr_api\nausicaa_api\x64\debug\nausicaa_api.tlog\nausicaa_api.write.1u.tlog
