d:\naus_demo_10112022\nausicaa_devl\nauiscaa_application\nausicaa_vs\x64\debug\vc143.pdb
d:\naus_demo_10112022\nausicaa_devl\nauiscaa_application\nausicaa_vs\x64\debug\vc143.idb
d:\naus_demo_10112022\nausicaa_devl\nauiscaa_application\nausicaa_vs\x64\debug\plylib.sbr
d:\naus_demo_10112022\nausicaa_devl\nauiscaa_application\nausicaa_vs\x64\debug\serialize.sbr
d:\naus_demo_10112022\nausicaa_devl\nauiscaa_application\nausicaa_vs\x64\debug\deserialize.sbr
d:\naus_demo_10112022\nausicaa_devl\nauiscaa_application\nausicaa_vs\x64\debug\nausicaa_api_server.sbr
d:\naus_demo_10112022\nausicaa_devl\nauiscaa_application\nausicaa_vs\x64\debug\server.sbr
d:\naus_demo_10112022\nausicaa_devl\nauiscaa_application\nausicaa_vs\x64\debug\camera-markers.sbr
d:\naus_demo_10112022\nausicaa_devl\nauiscaa_application\nausicaa_vs\x64\debug\camera_reader.sbr
d:\naus_demo_10112022\nausicaa_devl\nauiscaa_application\nausicaa_vs\x64\debug\correspondences_detector.sbr
d:\naus_demo_10112022\nausicaa_devl\nauiscaa_application\nausicaa_vs\x64\debug\detect_3d_marker.sbr
d:\naus_demo_10112022\nausicaa_devl\nauiscaa_application\nausicaa_vs\x64\debug\fbo.sbr
d:\naus_demo_10112022\nausicaa_devl\nauiscaa_application\nausicaa_vs\x64\debug\ffmpegexception.sbr
d:\naus_demo_10112022\nausicaa_devl\nauiscaa_application\nausicaa_vs\x64\debug\frameprocessor.sbr
d:\naus_demo_10112022\nausicaa_devl\nauiscaa_application\nausicaa_vs\x64\debug\logger.sbr
d:\naus_demo_10112022\nausicaa_devl\nauiscaa_application\nausicaa_vs\x64\debug\main.sbr
d:\naus_demo_10112022\nausicaa_devl\nauiscaa_application\nausicaa_vs\x64\debug\marker.sbr
d:\naus_demo_10112022\nausicaa_devl\nauiscaa_application\nausicaa_vs\x64\debug\outputstream.sbr
d:\naus_demo_10112022\nausicaa_devl\nauiscaa_application\nausicaa_vs\x64\debug\point_and_axis_calibration.sbr
d:\naus_demo_10112022\nausicaa_devl\nauiscaa_application\nausicaa_vs\x64\debug\state.sbr
d:\naus_demo_10112022\nausicaa_devl\nauiscaa_application\nausicaa_vs\x64\debug\velodyne_reader.sbr
d:\naus_demo_10112022\nausicaa_devl\nauiscaa_application\nausicaa_vs\x64\debug\videocodec.sbr
d:\naus_demo_10112022\nausicaa_devl\nauiscaa_application\nausicaa_vs\x64\debug\videocodec.obj
d:\naus_demo_10112022\nausicaa_devl\nauiscaa_application\nausicaa_vs\x64\debug\velodyne_reader.obj
d:\naus_demo_10112022\nausicaa_devl\nauiscaa_application\nausicaa_vs\x64\debug\state.obj
d:\naus_demo_10112022\nausicaa_devl\nauiscaa_application\nausicaa_vs\x64\debug\point_and_axis_calibration.obj
d:\naus_demo_10112022\nausicaa_devl\nauiscaa_application\nausicaa_vs\x64\debug\outputstream.obj
d:\naus_demo_10112022\nausicaa_devl\nauiscaa_application\nausicaa_vs\x64\debug\marker.obj
d:\naus_demo_10112022\nausicaa_devl\nauiscaa_application\nausicaa_vs\x64\debug\main.obj
d:\naus_demo_10112022\nausicaa_devl\nauiscaa_application\nausicaa_vs\x64\debug\logger.obj
d:\naus_demo_10112022\nausicaa_devl\nauiscaa_application\nausicaa_vs\x64\debug\frameprocessor.obj
d:\naus_demo_10112022\nausicaa_devl\nauiscaa_application\nausicaa_vs\x64\debug\ffmpegexception.obj
d:\naus_demo_10112022\nausicaa_devl\nauiscaa_application\nausicaa_vs\x64\debug\fbo.obj
d:\naus_demo_10112022\nausicaa_devl\nauiscaa_application\nausicaa_vs\x64\debug\detect_3d_marker.obj
d:\naus_demo_10112022\nausicaa_devl\nauiscaa_application\nausicaa_vs\x64\debug\correspondences_detector.obj
d:\naus_demo_10112022\nausicaa_devl\nauiscaa_application\nausicaa_vs\x64\debug\camera_reader.obj
d:\naus_demo_10112022\nausicaa_devl\nauiscaa_application\nausicaa_vs\x64\debug\camera-markers.obj
d:\naus_demo_10112022\nausicaa_devl\nauiscaa_application\nausicaa_vs\x64\debug\server.obj
d:\naus_demo_10112022\nausicaa_devl\nauiscaa_application\nausicaa_vs\x64\debug\nausicaa_api_server.obj
d:\naus_demo_10112022\nausicaa_devl\nauiscaa_application\nausicaa_vs\x64\debug\deserialize.obj
d:\naus_demo_10112022\nausicaa_devl\nauiscaa_application\nausicaa_vs\x64\debug\serialize.obj
d:\naus_demo_10112022\nausicaa_devl\nauiscaa_application\nausicaa_vs\x64\debug\plylib.obj
d:\naus_demo_10112022\nausicaa_devl\nauiscaa_application\nausicaa_vs\x64\debug\calib_converter.sbr
d:\naus_demo_10112022\nausicaa_devl\nauiscaa_application\nausicaa_vs\x64\debug\imgproc.sbr
d:\naus_demo_10112022\nausicaa_devl\nauiscaa_application\nausicaa_vs\x64\debug\ocam_functions.sbr
d:\naus_demo_10112022\nausicaa_devl\nauiscaa_application\nausicaa_vs\x64\debug\trackball.sbr
d:\naus_demo_10112022\nausicaa_devl\nauiscaa_application\nausicaa_vs\x64\debug\trackmode.sbr
d:\naus_demo_10112022\nausicaa_devl\nauiscaa_application\nausicaa_vs\x64\debug\trackmode.obj
d:\naus_demo_10112022\nausicaa_devl\nauiscaa_application\nausicaa_vs\x64\debug\trackball.obj
d:\naus_demo_10112022\nausicaa_devl\nauiscaa_application\nausicaa_vs\x64\debug\ocam_functions.obj
d:\naus_demo_10112022\nausicaa_devl\nauiscaa_application\nausicaa_vs\x64\debug\imgproc.obj
d:\naus_demo_10112022\nausicaa_devl\nauiscaa_application\nausicaa_vs\x64\debug\calib_converter.obj
d:\naus_demo_10112022\nausicaa_devl\nauiscaa_application\x64\debug\nausicaa_vs.pdb
d:\naus_demo_10112022\nausicaa_devl\nauiscaa_application\nausicaa_vs\x64\debug\nausicaa_vs.tlog\cl.command.1.tlog
d:\naus_demo_10112022\nausicaa_devl\nauiscaa_application\nausicaa_vs\x64\debug\nausicaa_vs.tlog\cl.read.1.tlog
d:\naus_demo_10112022\nausicaa_devl\nauiscaa_application\nausicaa_vs\x64\debug\nausicaa_vs.tlog\cl.write.1.tlog
d:\naus_demo_10112022\nausicaa_devl\nauiscaa_application\nausicaa_vs\x64\debug\nausicaa_vs.tlog\link-cvtres.read.1.tlog
d:\naus_demo_10112022\nausicaa_devl\nauiscaa_application\nausicaa_vs\x64\debug\nausicaa_vs.tlog\link-cvtres.write.1.tlog
d:\naus_demo_10112022\nausicaa_devl\nauiscaa_application\nausicaa_vs\x64\debug\nausicaa_vs.tlog\link-rc.read.1.tlog
d:\naus_demo_10112022\nausicaa_devl\nauiscaa_application\nausicaa_vs\x64\debug\nausicaa_vs.tlog\link-rc.write.1.tlog
d:\naus_demo_10112022\nausicaa_devl\nauiscaa_application\nausicaa_vs\x64\debug\nausicaa_vs.tlog\link.command.1.tlog
d:\naus_demo_10112022\nausicaa_devl\nauiscaa_application\nausicaa_vs\x64\debug\nausicaa_vs.tlog\link.delete.1.tlog
d:\naus_demo_10112022\nausicaa_devl\nauiscaa_application\nausicaa_vs\x64\debug\nausicaa_vs.tlog\link.read.1.tlog
d:\naus_demo_10112022\nausicaa_devl\nauiscaa_application\nausicaa_vs\x64\debug\nausicaa_vs.tlog\link.read.2.tlog
d:\naus_demo_10112022\nausicaa_devl\nauiscaa_application\nausicaa_vs\x64\debug\nausicaa_vs.tlog\link.read.3.tlog
d:\naus_demo_10112022\nausicaa_devl\nauiscaa_application\nausicaa_vs\x64\debug\nausicaa_vs.tlog\link.write.1.tlog
