c:\users\fabio ganovelli\documents\github\nausicaa_devl\sockets\sockets\x64\debug\vc143.pdb
c:\users\fabio ganovelli\documents\github\nausicaa_devl\sockets\sockets\x64\debug\vc143.idb
c:\users\fabio ganovelli\documents\github\nausicaa_devl\sockets\sockets\x64\debug\serialize.obj
c:\users\fabio ganovelli\documents\github\nausicaa_devl\sockets\sockets\x64\debug\nausicaa_api.obj
c:\users\fabio ganovelli\documents\github\nausicaa_devl\sockets\sockets\x64\debug\client.obj
c:\users\fabio ganovelli\documents\github\nausicaa_devl\sockets\sockets\x64\debug\main.obj
d:\nausicaa_development\nausicaa_api\sockets\x64\debug\client.lib
d:\nausicaa_development\nausicaa_api\sockets\x64\debug\client.exp
c:\users\fabio ganovelli\documents\github\nausicaa_devl\sockets\x64\debug\client.lib
c:\users\fabio ganovelli\documents\github\nausicaa_devl\sockets\x64\debug\client.exp
c:\users\fabio ganovelli\documents\github\nausicaa_devl\sockets\x64\debug\client.exe
c:\users\fabio ganovelli\documents\github\nausicaa_devl\sockets\sockets\x64\debug\client.ilk
c:\users\fabio ganovelli\documents\github\nausicaa_devl\sockets\x64\debug\client.pdb
c:\users\fabio ganovelli\documents\github\nausicaa_devl\sockets\sockets\x64\debug\client.tlog\cl.command.1.tlog
c:\users\fabio ganovelli\documents\github\nausicaa_devl\sockets\sockets\x64\debug\client.tlog\cl.read.1.tlog
c:\users\fabio ganovelli\documents\github\nausicaa_devl\sockets\sockets\x64\debug\client.tlog\cl.write.1.tlog
c:\users\fabio ganovelli\documents\github\nausicaa_devl\sockets\sockets\x64\debug\client.tlog\client.write.1u.tlog
c:\users\fabio ganovelli\documents\github\nausicaa_devl\sockets\sockets\x64\debug\client.tlog\link.command.1.tlog
c:\users\fabio ganovelli\documents\github\nausicaa_devl\sockets\sockets\x64\debug\client.tlog\link.read.1.tlog
c:\users\fabio ganovelli\documents\github\nausicaa_devl\sockets\sockets\x64\debug\client.tlog\link.write.1.tlog
